
*** Running vivado
    with args -log full_sub.vds -m64 -mode batch -messageDb vivado.pb -notrace -source full_sub.tcl


****** Vivado v2015.1 (64-bit)
  **** SW Build 1215546 on Mon Apr 27 19:22:08 MDT 2015
  **** IP Build 1209967 on Tue Apr 21 11:39:20 MDT 2015
    ** Copyright 1986-2015 Xilinx, Inc. All Rights Reserved.

source full_sub.tcl -notrace
Command: synth_design -top full_sub -part xc7k70tfbv676-1
Starting synth_design
Attempting to get a license for feature 'Synthesis' and/or device 'xc7k70t'
INFO: [Common 17-349] Got license for feature 'Synthesis' and/or device 'xc7k70t'
---------------------------------------------------------------------------------
Starting Synthesize : Time (s): cpu = 00:00:03 ; elapsed = 00:00:03 . Memory (MB): peak = 245.500 ; gain = 68.246
---------------------------------------------------------------------------------
INFO: [Synth 8-638] synthesizing module 'full_sub' [C:/Users/Πάνος/Desktop/vivado code_1/Ερώτημα_4/full_sub_str/full_sub2.srcs/sources_1/new/full_sub.vhd:10]
INFO: [Synth 8-3491] module 'half_sub' declared at 'C:/Users/Πάνος/Desktop/vivado code_1/Ερώτημα_4/full_sub_str/full_sub2.srcs/sources_1/new/half_sub.vhd:3' bound to instance 'w1' of component 'half_sub' [C:/Users/Πάνος/Desktop/vivado code_1/Ερώτημα_4/full_sub_str/full_sub2.srcs/sources_1/new/full_sub.vhd:21]
INFO: [Synth 8-638] synthesizing module 'half_sub' [C:/Users/Πάνος/Desktop/vivado code_1/Ερώτημα_4/full_sub_str/full_sub2.srcs/sources_1/new/half_sub.vhd:9]
INFO: [Synth 8-256] done synthesizing module 'half_sub' (1#1) [C:/Users/Πάνος/Desktop/vivado code_1/Ερώτημα_4/full_sub_str/full_sub2.srcs/sources_1/new/half_sub.vhd:9]
INFO: [Synth 8-3491] module 'half_sub' declared at 'C:/Users/Πάνος/Desktop/vivado code_1/Ερώτημα_4/full_sub_str/full_sub2.srcs/sources_1/new/half_sub.vhd:3' bound to instance 'w2' of component 'half_sub' [C:/Users/Πάνος/Desktop/vivado code_1/Ερώτημα_4/full_sub_str/full_sub2.srcs/sources_1/new/full_sub.vhd:22]
INFO: [Synth 8-3491] module 'or_gate' declared at 'C:/Users/Πάνος/Desktop/vivado code_1/Ερώτημα_4/full_sub_str/full_sub2.srcs/sources_1/new/or_gate.vhd:3' bound to instance 'w3' of component 'or_gate' [C:/Users/Πάνος/Desktop/vivado code_1/Ερώτημα_4/full_sub_str/full_sub2.srcs/sources_1/new/full_sub.vhd:23]
INFO: [Synth 8-638] synthesizing module 'or_gate' [C:/Users/Πάνος/Desktop/vivado code_1/Ερώτημα_4/full_sub_str/full_sub2.srcs/sources_1/new/or_gate.vhd:8]
INFO: [Synth 8-256] done synthesizing module 'or_gate' (2#1) [C:/Users/Πάνος/Desktop/vivado code_1/Ερώτημα_4/full_sub_str/full_sub2.srcs/sources_1/new/or_gate.vhd:8]
INFO: [Synth 8-256] done synthesizing module 'full_sub' (3#1) [C:/Users/Πάνος/Desktop/vivado code_1/Ερώτημα_4/full_sub_str/full_sub2.srcs/sources_1/new/full_sub.vhd:10]
---------------------------------------------------------------------------------
Finished Synthesize : Time (s): cpu = 00:00:04 ; elapsed = 00:00:04 . Memory (MB): peak = 279.758 ; gain = 102.504
---------------------------------------------------------------------------------
---------------------------------------------------------------------------------
Finished Constraint Validation : Time (s): cpu = 00:00:04 ; elapsed = 00:00:04 . Memory (MB): peak = 279.758 ; gain = 102.504
---------------------------------------------------------------------------------
---------------------------------------------------------------------------------
Start Loading Part and Timing Information
---------------------------------------------------------------------------------
Loading part: xc7k70tfbv676-1
---------------------------------------------------------------------------------
Finished Loading Part and Timing Information : Time (s): cpu = 00:00:04 ; elapsed = 00:00:04 . Memory (MB): peak = 279.758 ; gain = 102.504
---------------------------------------------------------------------------------
INFO: [Device 21-403] Loading part xc7k70tfbv676-1
---------------------------------------------------------------------------------
Finished RTL Optimization Phase 2 : Time (s): cpu = 00:00:04 ; elapsed = 00:00:04 . Memory (MB): peak = 287.188 ; gain = 109.934
---------------------------------------------------------------------------------

Report RTL Partitions: 
+-+--------------+------------+----------+
| |RTL Partition |Replication |Instances |
+-+--------------+------------+----------+
+-+--------------+------------+----------+
No constraint files found.
---------------------------------------------------------------------------------
Start RTL Component Statistics 
---------------------------------------------------------------------------------
Detailed RTL Component Info : 
+---XORs : 
	   2 Input      1 Bit         XORs := 2     
---------------------------------------------------------------------------------
Finished RTL Component Statistics 
---------------------------------------------------------------------------------
---------------------------------------------------------------------------------
Start RTL Hierarchical Component Statistics 
---------------------------------------------------------------------------------
Hierarchical RTL Component report 
Module half_sub 
Detailed RTL Component Info : 
+---XORs : 
	   2 Input      1 Bit         XORs := 1     
---------------------------------------------------------------------------------
Finished RTL Hierarchical Component Statistics
---------------------------------------------------------------------------------
---------------------------------------------------------------------------------
Start Part Resource Summary
---------------------------------------------------------------------------------
Part Resources:
DSPs: 240 (col length:80)
BRAMs: 270 (col length: RAMB18 80 RAMB36 40)
---------------------------------------------------------------------------------
Finished Part Resource Summary
---------------------------------------------------------------------------------
Start Parallel Synthesis Optimization  : Time (s): cpu = 00:00:06 ; elapsed = 00:00:06 . Memory (MB): peak = 411.992 ; gain = 234.738
---------------------------------------------------------------------------------
Start Cross Boundary Optimization
---------------------------------------------------------------------------------
---------------------------------------------------------------------------------
Finished Cross Boundary Optimization : Time (s): cpu = 00:00:06 ; elapsed = 00:00:06 . Memory (MB): peak = 411.992 ; gain = 234.738
---------------------------------------------------------------------------------
Finished Parallel Reinference  : Time (s): cpu = 00:00:06 ; elapsed = 00:00:06 . Memory (MB): peak = 411.992 ; gain = 234.738

Report RTL Partitions: 
+-+--------------+------------+----------+
| |RTL Partition |Replication |Instances |
+-+--------------+------------+----------+
+-+--------------+------------+----------+
No constraint files found.
---------------------------------------------------------------------------------
Start Area Optimization
---------------------------------------------------------------------------------
---------------------------------------------------------------------------------
Finished Area Optimization : Time (s): cpu = 00:00:06 ; elapsed = 00:00:06 . Memory (MB): peak = 421.043 ; gain = 243.789
---------------------------------------------------------------------------------
Finished Parallel Area Optimization  : Time (s): cpu = 00:00:06 ; elapsed = 00:00:06 . Memory (MB): peak = 421.043 ; gain = 243.789

Report RTL Partitions: 
+-+--------------+------------+----------+
| |RTL Partition |Replication |Instances |
+-+--------------+------------+----------+
+-+--------------+------------+----------+
Finished Parallel Synthesis Optimization  : Time (s): cpu = 00:00:06 ; elapsed = 00:00:06 . Memory (MB): peak = 421.043 ; gain = 243.789
---------------------------------------------------------------------------------
Start Timing Optimization
---------------------------------------------------------------------------------
No constraint files found.
---------------------------------------------------------------------------------
Finished Timing Optimization : Time (s): cpu = 00:00:06 ; elapsed = 00:00:06 . Memory (MB): peak = 421.043 ; gain = 243.789
---------------------------------------------------------------------------------

Report RTL Partitions: 
+-+--------------+------------+----------+
| |RTL Partition |Replication |Instances |
+-+--------------+------------+----------+
+-+--------------+------------+----------+
---------------------------------------------------------------------------------
Start Technology Mapping
---------------------------------------------------------------------------------
---------------------------------------------------------------------------------
Finished Technology Mapping : Time (s): cpu = 00:00:06 ; elapsed = 00:00:06 . Memory (MB): peak = 421.043 ; gain = 243.789
---------------------------------------------------------------------------------

Report RTL Partitions: 
+-+--------------+------------+----------+
| |RTL Partition |Replication |Instances |
+-+--------------+------------+----------+
+-+--------------+------------+----------+
---------------------------------------------------------------------------------
Start IO Insertion
---------------------------------------------------------------------------------
---------------------------------------------------------------------------------
Start Final Netlist Cleanup
---------------------------------------------------------------------------------
---------------------------------------------------------------------------------
Finished Final Netlist Cleanup
---------------------------------------------------------------------------------
---------------------------------------------------------------------------------
Finished IO Insertion : Time (s): cpu = 00:00:06 ; elapsed = 00:00:06 . Memory (MB): peak = 421.043 ; gain = 243.789
---------------------------------------------------------------------------------

Report Check Netlist: 
+------+------------------+-------+---------+-------+------------------+
|      |Item              |Errors |Warnings |Status |Description       |
+------+------------------+-------+---------+-------+------------------+
|1     |multi_driven_nets |      0|        0|Passed |Multi driven nets |
+------+------------------+-------+---------+-------+------------------+
---------------------------------------------------------------------------------
Start Renaming Generated Instances
---------------------------------------------------------------------------------
---------------------------------------------------------------------------------
Finished Renaming Generated Instances : Time (s): cpu = 00:00:06 ; elapsed = 00:00:06 . Memory (MB): peak = 421.043 ; gain = 243.789
---------------------------------------------------------------------------------

Report RTL Partitions: 
+-+--------------+------------+----------+
| |RTL Partition |Replication |Instances |
+-+--------------+------------+----------+
+-+--------------+------------+----------+
---------------------------------------------------------------------------------
Start Rebuilding User Hierarchy
---------------------------------------------------------------------------------
---------------------------------------------------------------------------------
Finished Rebuilding User Hierarchy : Time (s): cpu = 00:00:06 ; elapsed = 00:00:06 . Memory (MB): peak = 421.043 ; gain = 243.789
---------------------------------------------------------------------------------
---------------------------------------------------------------------------------
Start Renaming Generated Ports : Time (s): cpu = 00:00:06 ; elapsed = 00:00:06 . Memory (MB): peak = 421.043 ; gain = 243.789
---------------------------------------------------------------------------------
---------------------------------------------------------------------------------
Finished Renaming Generated Ports : Time (s): cpu = 00:00:06 ; elapsed = 00:00:06 . Memory (MB): peak = 421.043 ; gain = 243.789
---------------------------------------------------------------------------------
---------------------------------------------------------------------------------
Start Writing Synthesis Report
---------------------------------------------------------------------------------

Report BlackBoxes: 
+-+--------------+----------+
| |BlackBox name |Instances |
+-+--------------+----------+
+-+--------------+----------+

Report Cell Usage: 
+------+-----+------+
|      |Cell |Count |
+------+-----+------+
|1     |LUT3 |     2|
|2     |IBUF |     3|
|3     |OBUF |     2|
+------+-----+------+

Report Instance Areas: 
+------+---------+-------+------+
|      |Instance |Module |Cells |
+------+---------+-------+------+
|1     |top      |       |     7|
+------+---------+-------+------+
---------------------------------------------------------------------------------
Finished Writing Synthesis Report : Time (s): cpu = 00:00:06 ; elapsed = 00:00:06 . Memory (MB): peak = 421.043 ; gain = 243.789
---------------------------------------------------------------------------------
Synthesis finished with 0 errors, 0 critical warnings and 0 warnings.
Synthesis Optimization Runtime : Time (s): cpu = 00:00:04 ; elapsed = 00:00:05 . Memory (MB): peak = 421.043 ; gain = 228.371
Synthesis Optimization Complete : Time (s): cpu = 00:00:06 ; elapsed = 00:00:06 . Memory (MB): peak = 421.043 ; gain = 243.789
INFO: [Project 1-571] Translating synthesized netlist
INFO: [Netlist 29-17] Analyzing 3 Unisim elements for replacement
INFO: [Netlist 29-28] Unisim Transformation completed in 0 CPU seconds
INFO: [Project 1-570] Preparing netlist for logic optimization
INFO: [Opt 31-138] Pushed 0 inverter(s) to 0 load pin(s).
INFO: [Project 1-111] Unisim Transformation Summary:
No Unisim elements were transformed.

INFO: [Common 17-83] Releasing license: Synthesis
18 Infos, 0 Warnings, 0 Critical Warnings and 0 Errors encountered.
synth_design completed successfully
synth_design: Time (s): cpu = 00:00:05 ; elapsed = 00:00:06 . Memory (MB): peak = 488.613 ; gain = 297.219
report_utilization: Time (s): cpu = 00:00:00 ; elapsed = 00:00:00.021 . Memory (MB): peak = 488.613 ; gain = 0.000
INFO: [Common 17-206] Exiting Vivado at Wed Dec 29 01:35:57 2021...
