
*** Running vivado
    with args -log xbip_dsp48_macro_0.vdi -applog -m64 -messageDb vivado.pb -mode batch -source xbip_dsp48_macro_0.tcl -notrace


****** Vivado v2015.1 (64-bit)
  **** SW Build 1215546 on Mon Apr 27 19:22:08 MDT 2015
  **** IP Build 1209967 on Tue Apr 21 11:39:20 MDT 2015
    ** Copyright 1986-2015 Xilinx, Inc. All Rights Reserved.

source xbip_dsp48_macro_0.tcl -notrace
Command: open_checkpoint F:/Xilinx/Vivado_code/Question_9/Alu_DSP/Alu_DSP.runs/impl_2/xbip_dsp48_macro_0.dcp
INFO: [Netlist 29-17] Analyzing 38 Unisim elements for replacement
INFO: [Netlist 29-28] Unisim Transformation completed in 0 CPU seconds
INFO: [Project 1-479] Netlist was created with Vivado 2015.1
INFO: [Device 21-403] Loading part xc7k70tfbv676-1
INFO: [Project 1-570] Preparing netlist for logic optimization
INFO: [Project 1-111] Unisim Transformation Summary:
No Unisim elements were transformed.

INFO: [Project 1-484] Checkpoint was created with build 1215546
Command: opt_design
Attempting to get a license for feature 'Implementation' and/or device 'xc7k70t'
INFO: [Common 17-349] Got license for feature 'Implementation' and/or device 'xc7k70t'
Running DRC as a precondition to command opt_design

Starting DRC Task
INFO: [DRC 23-27] Running DRC with 2 threads
INFO: [Project 1-461] DRC finished with 0 Errors
INFO: [Project 1-462] Please refer to the DRC report (report_drc) for more information.

Time (s): cpu = 00:00:00 ; elapsed = 00:00:00.086 . Memory (MB): peak = 436.656 ; gain = 4.805
INFO: [Timing 38-35] Done setting XDC timing constraints.

Starting Logic Optimization Task

Phase 1 Retarget

INFO: [Opt 31-138] Pushed 0 inverter(s) to 0 load pin(s).
INFO: [Opt 31-49] Retargeted 0 cell(s).
Phase 1 Retarget | Checksum: 11fd7a0c6

Time (s): cpu = 00:00:00 ; elapsed = 00:00:00.042 . Memory (MB): peak = 844.934 ; gain = 0.000

Phase 2 Constant Propagation
INFO: [Opt 31-138] Pushed 0 inverter(s) to 0 load pin(s).
INFO: [Opt 31-10] Eliminated 64 cells.
Phase 2 Constant Propagation | Checksum: 11fc1f00b

Time (s): cpu = 00:00:00 ; elapsed = 00:00:00.068 . Memory (MB): peak = 844.934 ; gain = 0.000

Phase 3 Sweep
INFO: [Opt 31-12] Eliminated 116 unconnected nets.
INFO: [Opt 31-11] Eliminated 93 unconnected cells.
Phase 3 Sweep | Checksum: 148fc76b5

Time (s): cpu = 00:00:00 ; elapsed = 00:00:00.192 . Memory (MB): peak = 844.934 ; gain = 0.000

Starting Connectivity Check Task

Time (s): cpu = 00:00:00 ; elapsed = 00:00:00.001 . Memory (MB): peak = 844.934 ; gain = 0.000
Ending Logic Optimization Task | Checksum: 148fc76b5

Time (s): cpu = 00:00:00 ; elapsed = 00:00:00.193 . Memory (MB): peak = 844.934 ; gain = 0.000
Implement Debug Cores | Checksum: 174863c7a
Logic Optimization | Checksum: 174863c7a

Starting Power Optimization Task
INFO: [Pwropt 34-132] Skipping clock gating for clocks with a period < 3.13 ns.
Ending Power Optimization Task | Checksum: 148fc76b5

Time (s): cpu = 00:00:00 ; elapsed = 00:00:00.005 . Memory (MB): peak = 844.934 ; gain = 0.000
INFO: [Common 17-83] Releasing license: Implementation
20 Infos, 0 Warnings, 0 Critical Warnings and 0 Errors encountered.
opt_design completed successfully
opt_design: Time (s): cpu = 00:00:10 ; elapsed = 00:00:10 . Memory (MB): peak = 844.934 ; gain = 414.133
INFO: [DRC 23-27] Running DRC with 2 threads
INFO: [Coretcl 2-168] The results of DRC are in file F:/Xilinx/Vivado_code/Question_9/Alu_DSP/Alu_DSP.runs/impl_2/xbip_dsp48_macro_0_drc_opted.rpt.
Command: place_design
Attempting to get a license for feature 'Implementation' and/or device 'xc7k70t'
INFO: [Common 17-349] Got license for feature 'Implementation' and/or device 'xc7k70t'
INFO: [DRC 23-27] Running DRC with 2 threads
INFO: [Vivado_Tcl 4-198] DRC finished with 0 Errors
INFO: [Vivado_Tcl 4-199] Please refer to the DRC report (report_drc) for more information.
Running DRC as a precondition to command place_design
INFO: [DRC 23-27] Running DRC with 2 threads
INFO: [Vivado_Tcl 4-198] DRC finished with 0 Errors
INFO: [Vivado_Tcl 4-199] Please refer to the DRC report (report_drc) for more information.

Starting Placer Task
INFO: [Place 30-611] Multithreading enabled for place_design using a maximum of 2 CPUs

Phase 1 Placer Runtime Estimator
Phase 1 Placer Runtime Estimator | Checksum: 8ecd8c6b

Time (s): cpu = 00:00:00 ; elapsed = 00:00:00.025 . Memory (MB): peak = 854.742 ; gain = 0.000

Phase 2 Placer Initialization
Netlist sorting complete. Time (s): cpu = 00:00:00 ; elapsed = 00:00:00.001 . Memory (MB): peak = 854.742 ; gain = 0.000
Netlist sorting complete. Time (s): cpu = 00:00:00 ; elapsed = 00:00:00.001 . Memory (MB): peak = 854.742 ; gain = 0.000

Phase 2.1 IO Placement/ Clock Placement/ Build Placer Device

Phase 2.1.1 Pre-Place Cells
Phase 2.1.1 Pre-Place Cells | Checksum: 00000000

Time (s): cpu = 00:00:00 ; elapsed = 00:00:00.048 . Memory (MB): peak = 854.742 ; gain = 0.000
INFO: [Timing 38-35] Done setting XDC timing constraints.

Phase 2.1.2 IO & Clk Clean Up
Phase 2.1.2 IO & Clk Clean Up | Checksum: 00000000

Time (s): cpu = 00:00:01 ; elapsed = 00:00:00.764 . Memory (MB): peak = 857.711 ; gain = 2.969

Phase 2.1.3 Implementation Feasibility check On IDelay
Phase 2.1.3 Implementation Feasibility check On IDelay | Checksum: 00000000

Time (s): cpu = 00:00:01 ; elapsed = 00:00:00.765 . Memory (MB): peak = 857.711 ; gain = 2.969

Phase 2.1.4 Commit IO Placement
Phase 2.1.4 Commit IO Placement | Checksum: fa382632

Time (s): cpu = 00:00:01 ; elapsed = 00:00:00.769 . Memory (MB): peak = 857.711 ; gain = 2.969
Phase 2.1 IO Placement/ Clock Placement/ Build Placer Device | Checksum: 18905b29d

Time (s): cpu = 00:00:01 ; elapsed = 00:00:00.770 . Memory (MB): peak = 857.711 ; gain = 2.969

Phase 2.2 Build Placer Netlist Model

Phase 2.2.1 Place Init Design
Phase 2.2.1 Place Init Design | Checksum: 2677a2b06

Time (s): cpu = 00:00:01 ; elapsed = 00:00:00.809 . Memory (MB): peak = 857.711 ; gain = 2.969
Phase 2.2 Build Placer Netlist Model | Checksum: 2677a2b06

Time (s): cpu = 00:00:01 ; elapsed = 00:00:00.809 . Memory (MB): peak = 857.711 ; gain = 2.969

Phase 2.3 Constrain Clocks/Macros

Phase 2.3.1 Constrain Global/Regional Clocks
Phase 2.3.1 Constrain Global/Regional Clocks | Checksum: 2677a2b06

Time (s): cpu = 00:00:01 ; elapsed = 00:00:00.811 . Memory (MB): peak = 857.711 ; gain = 2.969
Phase 2.3 Constrain Clocks/Macros | Checksum: 2677a2b06

Time (s): cpu = 00:00:01 ; elapsed = 00:00:00.812 . Memory (MB): peak = 857.711 ; gain = 2.969
Phase 2 Placer Initialization | Checksum: 2677a2b06

Time (s): cpu = 00:00:01 ; elapsed = 00:00:00.812 . Memory (MB): peak = 857.711 ; gain = 2.969

Phase 3 Global Placement
Phase 3 Global Placement | Checksum: 225743bf9

Time (s): cpu = 00:00:01 ; elapsed = 00:00:00.992 . Memory (MB): peak = 857.711 ; gain = 2.969

Phase 4 Detail Placement

Phase 4.1 Commit Multi Column Macros
Phase 4.1 Commit Multi Column Macros | Checksum: 225743bf9

Time (s): cpu = 00:00:01 ; elapsed = 00:00:00.994 . Memory (MB): peak = 857.711 ; gain = 2.969

Phase 4.2 Commit Most Macros & LUTRAMs
Phase 4.2 Commit Most Macros & LUTRAMs | Checksum: 1fc2c5c3a

Time (s): cpu = 00:00:01 ; elapsed = 00:00:01 . Memory (MB): peak = 857.711 ; gain = 2.969

Phase 4.3 Area Swap Optimization
Phase 4.3 Area Swap Optimization | Checksum: 21f6c5343

Time (s): cpu = 00:00:01 ; elapsed = 00:00:01 . Memory (MB): peak = 857.711 ; gain = 2.969

Phase 4.4 Small Shape Detail Placement

Phase 4.4.1 Commit Small Macros & Core Logic

Phase 4.4.1.1 Commit Slice Clusters
Phase 4.4.1.1 Commit Slice Clusters | Checksum: 17830442b

Time (s): cpu = 00:00:01 ; elapsed = 00:00:01 . Memory (MB): peak = 857.711 ; gain = 2.969
Phase 4.4.1 Commit Small Macros & Core Logic | Checksum: 17830442b

Time (s): cpu = 00:00:01 ; elapsed = 00:00:01 . Memory (MB): peak = 857.711 ; gain = 2.969

Phase 4.4.2 Clock Restriction Legalization for Leaf Columns
Phase 4.4.2 Clock Restriction Legalization for Leaf Columns | Checksum: 17830442b

Time (s): cpu = 00:00:01 ; elapsed = 00:00:01 . Memory (MB): peak = 857.711 ; gain = 2.969

Phase 4.4.3 Clock Restriction Legalization for Non-Clock Pins
Phase 4.4.3 Clock Restriction Legalization for Non-Clock Pins | Checksum: 17830442b

Time (s): cpu = 00:00:01 ; elapsed = 00:00:01 . Memory (MB): peak = 857.711 ; gain = 2.969
Phase 4.4 Small Shape Detail Placement | Checksum: 17830442b

Time (s): cpu = 00:00:01 ; elapsed = 00:00:01 . Memory (MB): peak = 857.711 ; gain = 2.969

Phase 4.5 Re-assign LUT pins
Phase 4.5 Re-assign LUT pins | Checksum: 17830442b

Time (s): cpu = 00:00:01 ; elapsed = 00:00:01 . Memory (MB): peak = 857.711 ; gain = 2.969
Phase 4 Detail Placement | Checksum: 17830442b

Time (s): cpu = 00:00:01 ; elapsed = 00:00:01 . Memory (MB): peak = 857.711 ; gain = 2.969

Phase 5 Post Placement Optimization and Clean-Up

Phase 5.1 PCOPT Shape updates
Phase 5.1 PCOPT Shape updates | Checksum: 17830442b

Time (s): cpu = 00:00:01 ; elapsed = 00:00:01 . Memory (MB): peak = 857.711 ; gain = 2.969

Phase 5.2 Post Commit Optimization
Phase 5.2 Post Commit Optimization | Checksum: 17830442b

Time (s): cpu = 00:00:01 ; elapsed = 00:00:01 . Memory (MB): peak = 857.711 ; gain = 2.969

Phase 5.3 Sweep Clock Roots: Post-Placement
Phase 5.3 Sweep Clock Roots: Post-Placement | Checksum: 17830442b

Time (s): cpu = 00:00:01 ; elapsed = 00:00:01 . Memory (MB): peak = 857.711 ; gain = 2.969

Phase 5.4 Post Placement Cleanup
Phase 5.4 Post Placement Cleanup | Checksum: 17830442b

Time (s): cpu = 00:00:01 ; elapsed = 00:00:01 . Memory (MB): peak = 857.711 ; gain = 2.969

Phase 5.5 Placer Reporting
Phase 5.5 Placer Reporting | Checksum: 17830442b

Time (s): cpu = 00:00:01 ; elapsed = 00:00:01 . Memory (MB): peak = 857.711 ; gain = 2.969

Phase 5.6 Final Placement Cleanup
Phase 5.6 Final Placement Cleanup | Checksum: 17830442b

Time (s): cpu = 00:00:01 ; elapsed = 00:00:01 . Memory (MB): peak = 857.711 ; gain = 2.969
Phase 5 Post Placement Optimization and Clean-Up | Checksum: 17830442b

Time (s): cpu = 00:00:01 ; elapsed = 00:00:01 . Memory (MB): peak = 857.711 ; gain = 2.969
Ending Placer Task | Checksum: 1140bd5f4

Time (s): cpu = 00:00:01 ; elapsed = 00:00:01 . Memory (MB): peak = 857.711 ; gain = 2.969
INFO: [Common 17-83] Releasing license: Implementation
32 Infos, 0 Warnings, 0 Critical Warnings and 0 Errors encountered.
place_design completed successfully
Writing placer database...
Writing XDEF routing.
Writing XDEF routing logical nets.
Writing XDEF routing special nets.
Write XDEF Complete: Time (s): cpu = 00:00:00 ; elapsed = 00:00:00.090 . Memory (MB): peak = 857.711 ; gain = 0.000
report_io: Time (s): cpu = 00:00:00 ; elapsed = 00:00:00.062 . Memory (MB): peak = 867.184 ; gain = 9.473
report_utilization: Time (s): cpu = 00:00:00 ; elapsed = 00:00:00.036 . Memory (MB): peak = 867.184 ; gain = 0.000
report_control_sets: Time (s): cpu = 00:00:00 ; elapsed = 00:00:00.002 . Memory (MB): peak = 867.184 ; gain = 0.000
Command: route_design
Attempting to get a license for feature 'Implementation' and/or device 'xc7k70t'
INFO: [Common 17-349] Got license for feature 'Implementation' and/or device 'xc7k70t'
Running DRC as a precondition to command route_design
INFO: [DRC 23-27] Running DRC with 2 threads
INFO: [Vivado_Tcl 4-198] DRC finished with 0 Errors
INFO: [Vivado_Tcl 4-199] Please refer to the DRC report (report_drc) for more information.


Starting Routing Task
INFO: [Route 35-254] Multithreading enabled for route_design using a maximum of 2 CPUs

Phase 1 Build RT Design
Phase 1 Build RT Design | Checksum: 14bfd218a

Time (s): cpu = 00:00:27 ; elapsed = 00:00:25 . Memory (MB): peak = 1009.957 ; gain = 141.961

Phase 2 Router Initialization
INFO: [Route 35-64] No timing constraints were detected. The router will operate in resource-optimization mode.

Phase 2.1 Pre Route Cleanup
Phase 2.1 Pre Route Cleanup | Checksum: 14bfd218a

Time (s): cpu = 00:00:27 ; elapsed = 00:00:25 . Memory (MB): peak = 1014.855 ; gain = 146.859
 Number of Nodes with overlaps = 0
Phase 2 Router Initialization | Checksum: 127ac39a3

Time (s): cpu = 00:00:27 ; elapsed = 00:00:25 . Memory (MB): peak = 1030.230 ; gain = 162.234

Phase 3 Initial Routing
Phase 3 Initial Routing | Checksum: 70a1ef2a

Time (s): cpu = 00:00:27 ; elapsed = 00:00:25 . Memory (MB): peak = 1030.230 ; gain = 162.234

Phase 4 Rip-up And Reroute

Phase 4.1 Global Iteration 0
 Number of Nodes with overlaps = 0
Phase 4.1 Global Iteration 0 | Checksum: 173cea5c4

Time (s): cpu = 00:00:27 ; elapsed = 00:00:25 . Memory (MB): peak = 1030.230 ; gain = 162.234
Phase 4 Rip-up And Reroute | Checksum: 173cea5c4

Time (s): cpu = 00:00:27 ; elapsed = 00:00:25 . Memory (MB): peak = 1030.230 ; gain = 162.234

Phase 5 Delay and Skew Optimization
Phase 5 Delay and Skew Optimization | Checksum: 173cea5c4

Time (s): cpu = 00:00:27 ; elapsed = 00:00:25 . Memory (MB): peak = 1030.230 ; gain = 162.234

Phase 6 Post Hold Fix
Phase 6 Post Hold Fix | Checksum: 173cea5c4

Time (s): cpu = 00:00:27 ; elapsed = 00:00:25 . Memory (MB): peak = 1030.230 ; gain = 162.234

Phase 7 Route finalize

Router Utilization Summary
  Global Vertical Routing Utilization    = 0.0696259 %
  Global Horizontal Routing Utilization  = 0.0522984 %
  Routable Net Status*
  *Does not include unroutable nets such as driverless and loadless.
  Run report_route_status for detailed report.
  Number of Failed Nets               = 0
  Number of Unrouted Nets             = 0
  Number of Partially Routed Nets     = 0
  Number of Node Overlaps             = 0

Congestion Report
North Dir 1x1 Area, Max Cong = 16.2162%, No Congested Regions.
South Dir 1x1 Area, Max Cong = 28.8288%, No Congested Regions.
East Dir 1x1 Area, Max Cong = 20.5882%, No Congested Regions.
West Dir 1x1 Area, Max Cong = 20.5882%, No Congested Regions.
Phase 7 Route finalize | Checksum: 173cea5c4

Time (s): cpu = 00:00:27 ; elapsed = 00:00:25 . Memory (MB): peak = 1030.230 ; gain = 162.234

Phase 8 Verifying routed nets

 Verification completed successfully
Phase 8 Verifying routed nets | Checksum: 173cea5c4

Time (s): cpu = 00:00:27 ; elapsed = 00:00:25 . Memory (MB): peak = 1030.230 ; gain = 162.234

Phase 9 Depositing Routes
Phase 9 Depositing Routes | Checksum: 173cea5c4

Time (s): cpu = 00:00:27 ; elapsed = 00:00:25 . Memory (MB): peak = 1030.230 ; gain = 162.234
INFO: [Route 35-16] Router Completed Successfully

Time (s): cpu = 00:00:27 ; elapsed = 00:00:25 . Memory (MB): peak = 1030.230 ; gain = 162.234

Routing Is Done.
INFO: [Common 17-83] Releasing license: Implementation
40 Infos, 0 Warnings, 0 Critical Warnings and 0 Errors encountered.
route_design completed successfully
route_design: Time (s): cpu = 00:00:28 ; elapsed = 00:00:25 . Memory (MB): peak = 1030.230 ; gain = 163.047
Writing placer database...
Writing XDEF routing.
Writing XDEF routing logical nets.
Writing XDEF routing special nets.
Write XDEF Complete: Time (s): cpu = 00:00:00 ; elapsed = 00:00:00.042 . Memory (MB): peak = 1030.230 ; gain = 0.000
INFO: [DRC 23-27] Running DRC with 2 threads
INFO: [Coretcl 2-168] The results of DRC are in file F:/Xilinx/Vivado_code/Question_9/Alu_DSP/Alu_DSP.runs/impl_2/xbip_dsp48_macro_0_drc_routed.rpt.
INFO: [Timing 38-91] UpdateTimingParams: Speed grade: -1, Delay Type: min_max.
INFO: [Timing 38-191] Multithreading enabled for timing update using a maximum of 2 CPUs
WARNING: [Timing 38-313] There are no user specified timing constraints. Timing constraints are needed for proper timing analysis.
WARNING: [Power 33-232] No user defined clocks were found in the design!
Resolution: Please specify clocks using create_clock/create_generated_clock for sequential elements. For pure combinatorial circuits, please specify a virtual clock, otherwise the vectorless estimation might be inaccurate
Running Vector-less Activity Propagation...

Finished Running Vector-less Activity Propagation
INFO: [Common 17-206] Exiting Vivado at Sat Jan 01 22:29:39 2022...
