
*** Running vivado
    with args -log multiplier2x2.vdi -applog -m64 -messageDb vivado.pb -mode batch -source multiplier2x2.tcl -notrace


****** Vivado v2015.1 (64-bit)
  **** SW Build 1215546 on Mon Apr 27 19:22:08 MDT 2015
  **** IP Build 1209967 on Tue Apr 21 11:39:20 MDT 2015
    ** Copyright 1986-2015 Xilinx, Inc. All Rights Reserved.

source multiplier2x2.tcl -notrace
Command: open_checkpoint F:/Xilinx/Vivado_code/Question_5/multiplier_with_half_adder/multiplier_with_half_adder.runs/impl_1/multiplier2x2.dcp
INFO: [Netlist 29-17] Analyzing 4 Unisim elements for replacement
INFO: [Netlist 29-28] Unisim Transformation completed in 0 CPU seconds
INFO: [Project 1-479] Netlist was created with Vivado 2015.1
INFO: [Device 21-403] Loading part xc7k70tfbv676-1
INFO: [Project 1-570] Preparing netlist for logic optimization
INFO: [Project 1-111] Unisim Transformation Summary:
No Unisim elements were transformed.

INFO: [Project 1-484] Checkpoint was created with build 1215546
Command: opt_design
Attempting to get a license for feature 'Implementation' and/or device 'xc7k70t'
INFO: [Common 17-349] Got license for feature 'Implementation' and/or device 'xc7k70t'
Running DRC as a precondition to command opt_design

Starting DRC Task
INFO: [DRC 23-27] Running DRC with 2 threads
INFO: [Project 1-461] DRC finished with 0 Errors
INFO: [Project 1-462] Please refer to the DRC report (report_drc) for more information.

Time (s): cpu = 00:00:00 ; elapsed = 00:00:00.248 . Memory (MB): peak = 435.199 ; gain = 4.781
INFO: [Timing 38-35] Done setting XDC timing constraints.

Starting Logic Optimization Task

Phase 1 Retarget

INFO: [Opt 31-138] Pushed 0 inverter(s) to 0 load pin(s).
INFO: [Opt 31-49] Retargeted 0 cell(s).
Phase 1 Retarget | Checksum: b22b3959

Time (s): cpu = 00:00:00 ; elapsed = 00:00:00.080 . Memory (MB): peak = 868.883 ; gain = 0.000

Phase 2 Constant Propagation
INFO: [Opt 31-138] Pushed 0 inverter(s) to 0 load pin(s).
INFO: [Opt 31-10] Eliminated 0 cells.
Phase 2 Constant Propagation | Checksum: b22b3959

Time (s): cpu = 00:00:00 ; elapsed = 00:00:00.123 . Memory (MB): peak = 868.883 ; gain = 0.000

Phase 3 Sweep
INFO: [Opt 31-12] Eliminated 0 unconnected nets.
INFO: [Opt 31-11] Eliminated 0 unconnected cells.
Phase 3 Sweep | Checksum: b22b3959

Time (s): cpu = 00:00:00 ; elapsed = 00:00:00.146 . Memory (MB): peak = 868.883 ; gain = 0.000

Starting Connectivity Check Task

Time (s): cpu = 00:00:00 ; elapsed = 00:00:00 . Memory (MB): peak = 868.883 ; gain = 0.000
Ending Logic Optimization Task | Checksum: b22b3959

Time (s): cpu = 00:00:00 ; elapsed = 00:00:00.147 . Memory (MB): peak = 868.883 ; gain = 0.000
Implement Debug Cores | Checksum: b22b3959
Logic Optimization | Checksum: b22b3959

Starting Power Optimization Task
INFO: [Pwropt 34-132] Skipping clock gating for clocks with a period < 3.13 ns.
Ending Power Optimization Task | Checksum: b22b3959

Time (s): cpu = 00:00:00 ; elapsed = 00:00:00.095 . Memory (MB): peak = 868.883 ; gain = 0.000
INFO: [Common 17-83] Releasing license: Implementation
20 Infos, 0 Warnings, 0 Critical Warnings and 0 Errors encountered.
opt_design completed successfully
opt_design: Time (s): cpu = 00:00:10 ; elapsed = 00:00:10 . Memory (MB): peak = 868.883 ; gain = 440.422
INFO: [DRC 23-27] Running DRC with 2 threads
INFO: [Coretcl 2-168] The results of DRC are in file F:/Xilinx/Vivado_code/Question_5/multiplier_with_half_adder/multiplier_with_half_adder.runs/impl_1/multiplier2x2_drc_opted.rpt.
Command: place_design
Attempting to get a license for feature 'Implementation' and/or device 'xc7k70t'
INFO: [Common 17-349] Got license for feature 'Implementation' and/or device 'xc7k70t'
INFO: [DRC 23-27] Running DRC with 2 threads
INFO: [Vivado_Tcl 4-198] DRC finished with 0 Errors
INFO: [Vivado_Tcl 4-199] Please refer to the DRC report (report_drc) for more information.
Running DRC as a precondition to command place_design
INFO: [DRC 23-27] Running DRC with 2 threads
INFO: [Vivado_Tcl 4-198] DRC finished with 0 Errors
INFO: [Vivado_Tcl 4-199] Please refer to the DRC report (report_drc) for more information.

Starting Placer Task
INFO: [Place 30-611] Multithreading enabled for place_design using a maximum of 2 CPUs

Phase 1 Placer Runtime Estimator
Phase 1 Placer Runtime Estimator | Checksum: 837f871c

Time (s): cpu = 00:00:00 ; elapsed = 00:00:00.025 . Memory (MB): peak = 868.883 ; gain = 0.000

Phase 2 Placer Initialization
Netlist sorting complete. Time (s): cpu = 00:00:00 ; elapsed = 00:00:00.001 . Memory (MB): peak = 868.883 ; gain = 0.000
Netlist sorting complete. Time (s): cpu = 00:00:00 ; elapsed = 00:00:00 . Memory (MB): peak = 868.883 ; gain = 0.000

Phase 2.1 IO Placement/ Clock Placement/ Build Placer Device

Phase 2.1.1 Pre-Place Cells
Phase 2.1.1 Pre-Place Cells | Checksum: 00000000

Time (s): cpu = 00:00:00 ; elapsed = 00:00:00.075 . Memory (MB): peak = 868.883 ; gain = 0.000
INFO: [Timing 38-35] Done setting XDC timing constraints.

Phase 2.1.2 IO & Clk Clean Up
Phase 2.1.2 IO & Clk Clean Up | Checksum: 00000000

Time (s): cpu = 00:00:01 ; elapsed = 00:00:00.883 . Memory (MB): peak = 887.055 ; gain = 18.172

Phase 2.1.3 Implementation Feasibility check On IDelay
Phase 2.1.3 Implementation Feasibility check On IDelay | Checksum: 00000000

Time (s): cpu = 00:00:01 ; elapsed = 00:00:00.884 . Memory (MB): peak = 887.055 ; gain = 18.172

Phase 2.1.4 Commit IO Placement
Phase 2.1.4 Commit IO Placement | Checksum: eb8a9a4a

Time (s): cpu = 00:00:01 ; elapsed = 00:00:00.885 . Memory (MB): peak = 887.055 ; gain = 18.172
Phase 2.1 IO Placement/ Clock Placement/ Build Placer Device | Checksum: 16f0a2166

Time (s): cpu = 00:00:01 ; elapsed = 00:00:00.886 . Memory (MB): peak = 887.055 ; gain = 18.172

Phase 2.2 Build Placer Netlist Model

Phase 2.2.1 Place Init Design
Phase 2.2.1 Place Init Design | Checksum: 213d9ac18

Time (s): cpu = 00:00:01 ; elapsed = 00:00:00.901 . Memory (MB): peak = 887.055 ; gain = 18.172
Phase 2.2 Build Placer Netlist Model | Checksum: 213d9ac18

Time (s): cpu = 00:00:01 ; elapsed = 00:00:00.901 . Memory (MB): peak = 887.055 ; gain = 18.172

Phase 2.3 Constrain Clocks/Macros

Phase 2.3.1 Constrain Global/Regional Clocks
Phase 2.3.1 Constrain Global/Regional Clocks | Checksum: 213d9ac18

Time (s): cpu = 00:00:01 ; elapsed = 00:00:00.904 . Memory (MB): peak = 887.055 ; gain = 18.172
Phase 2.3 Constrain Clocks/Macros | Checksum: 213d9ac18

Time (s): cpu = 00:00:01 ; elapsed = 00:00:00.904 . Memory (MB): peak = 887.055 ; gain = 18.172
Phase 2 Placer Initialization | Checksum: 213d9ac18

Time (s): cpu = 00:00:01 ; elapsed = 00:00:00.904 . Memory (MB): peak = 887.055 ; gain = 18.172

Phase 3 Global Placement
Phase 3 Global Placement | Checksum: 17a6fc17f

Time (s): cpu = 00:00:01 ; elapsed = 00:00:01 . Memory (MB): peak = 887.055 ; gain = 18.172

Phase 4 Detail Placement

Phase 4.1 Commit Multi Column Macros
Phase 4.1 Commit Multi Column Macros | Checksum: 17a6fc17f

Time (s): cpu = 00:00:01 ; elapsed = 00:00:01 . Memory (MB): peak = 887.055 ; gain = 18.172

Phase 4.2 Commit Most Macros & LUTRAMs
Phase 4.2 Commit Most Macros & LUTRAMs | Checksum: 1f8a27c7f

Time (s): cpu = 00:00:01 ; elapsed = 00:00:01 . Memory (MB): peak = 887.055 ; gain = 18.172

Phase 4.3 Area Swap Optimization
Phase 4.3 Area Swap Optimization | Checksum: 17a6fc17f

Time (s): cpu = 00:00:01 ; elapsed = 00:00:01 . Memory (MB): peak = 887.055 ; gain = 18.172

Phase 4.4 Small Shape Detail Placement

Phase 4.4.1 Commit Small Macros & Core Logic

Phase 4.4.1.1 Commit Slice Clusters
Phase 4.4.1.1 Commit Slice Clusters | Checksum: 1a2b86966

Time (s): cpu = 00:00:02 ; elapsed = 00:00:02 . Memory (MB): peak = 887.055 ; gain = 18.172
Phase 4.4.1 Commit Small Macros & Core Logic | Checksum: 1a2b86966

Time (s): cpu = 00:00:02 ; elapsed = 00:00:02 . Memory (MB): peak = 887.055 ; gain = 18.172

Phase 4.4.2 Clock Restriction Legalization for Leaf Columns
Phase 4.4.2 Clock Restriction Legalization for Leaf Columns | Checksum: 1a2b86966

Time (s): cpu = 00:00:02 ; elapsed = 00:00:02 . Memory (MB): peak = 887.055 ; gain = 18.172

Phase 4.4.3 Clock Restriction Legalization for Non-Clock Pins
Phase 4.4.3 Clock Restriction Legalization for Non-Clock Pins | Checksum: 1a2b86966

Time (s): cpu = 00:00:02 ; elapsed = 00:00:02 . Memory (MB): peak = 887.055 ; gain = 18.172
Phase 4.4 Small Shape Detail Placement | Checksum: 1a2b86966

Time (s): cpu = 00:00:02 ; elapsed = 00:00:02 . Memory (MB): peak = 887.055 ; gain = 18.172

Phase 4.5 Re-assign LUT pins
Phase 4.5 Re-assign LUT pins | Checksum: 1a2b86966

Time (s): cpu = 00:00:02 ; elapsed = 00:00:02 . Memory (MB): peak = 887.055 ; gain = 18.172
Phase 4 Detail Placement | Checksum: 1a2b86966

Time (s): cpu = 00:00:02 ; elapsed = 00:00:02 . Memory (MB): peak = 887.055 ; gain = 18.172

Phase 5 Post Placement Optimization and Clean-Up

Phase 5.1 PCOPT Shape updates
Phase 5.1 PCOPT Shape updates | Checksum: 127fd8427

Time (s): cpu = 00:00:02 ; elapsed = 00:00:02 . Memory (MB): peak = 887.055 ; gain = 18.172

Phase 5.2 Post Commit Optimization
Phase 5.2 Post Commit Optimization | Checksum: 127fd8427

Time (s): cpu = 00:00:02 ; elapsed = 00:00:02 . Memory (MB): peak = 887.055 ; gain = 18.172

Phase 5.3 Sweep Clock Roots: Post-Placement
Phase 5.3 Sweep Clock Roots: Post-Placement | Checksum: 127fd8427

Time (s): cpu = 00:00:02 ; elapsed = 00:00:02 . Memory (MB): peak = 887.055 ; gain = 18.172

Phase 5.4 Post Placement Cleanup
Phase 5.4 Post Placement Cleanup | Checksum: 127fd8427

Time (s): cpu = 00:00:02 ; elapsed = 00:00:02 . Memory (MB): peak = 887.055 ; gain = 18.172

Phase 5.5 Placer Reporting
Phase 5.5 Placer Reporting | Checksum: 127fd8427

Time (s): cpu = 00:00:02 ; elapsed = 00:00:02 . Memory (MB): peak = 887.055 ; gain = 18.172

Phase 5.6 Final Placement Cleanup
Phase 5.6 Final Placement Cleanup | Checksum: 127fd8427

Time (s): cpu = 00:00:02 ; elapsed = 00:00:02 . Memory (MB): peak = 887.055 ; gain = 18.172
Phase 5 Post Placement Optimization and Clean-Up | Checksum: 127fd8427

Time (s): cpu = 00:00:02 ; elapsed = 00:00:02 . Memory (MB): peak = 887.055 ; gain = 18.172
Ending Placer Task | Checksum: 11ac06e50

Time (s): cpu = 00:00:02 ; elapsed = 00:00:02 . Memory (MB): peak = 887.055 ; gain = 18.172
INFO: [Common 17-83] Releasing license: Implementation
32 Infos, 0 Warnings, 0 Critical Warnings and 0 Errors encountered.
place_design completed successfully
Writing placer database...
Writing XDEF routing.
Writing XDEF routing logical nets.
Writing XDEF routing special nets.
Write XDEF Complete: Time (s): cpu = 00:00:00 ; elapsed = 00:00:00.104 . Memory (MB): peak = 887.055 ; gain = 0.000
report_io: Time (s): cpu = 00:00:00 ; elapsed = 00:00:00.059 . Memory (MB): peak = 887.055 ; gain = 0.000
report_utilization: Time (s): cpu = 00:00:00 ; elapsed = 00:00:00.034 . Memory (MB): peak = 887.055 ; gain = 0.000
report_control_sets: Time (s): cpu = 00:00:00 ; elapsed = 00:00:00 . Memory (MB): peak = 887.055 ; gain = 0.000
Command: route_design
Attempting to get a license for feature 'Implementation' and/or device 'xc7k70t'
INFO: [Common 17-349] Got license for feature 'Implementation' and/or device 'xc7k70t'
Running DRC as a precondition to command route_design
INFO: [DRC 23-27] Running DRC with 2 threads
INFO: [Vivado_Tcl 4-198] DRC finished with 0 Errors
INFO: [Vivado_Tcl 4-199] Please refer to the DRC report (report_drc) for more information.


Starting Routing Task
INFO: [Route 35-254] Multithreading enabled for route_design using a maximum of 2 CPUs

Phase 1 Build RT Design
Phase 1 Build RT Design | Checksum: 101b36dd1

Time (s): cpu = 00:00:26 ; elapsed = 00:00:25 . Memory (MB): peak = 1013.301 ; gain = 126.246

Phase 2 Router Initialization
INFO: [Route 35-64] No timing constraints were detected. The router will operate in resource-optimization mode.

Phase 2.1 Pre Route Cleanup
Phase 2.1 Pre Route Cleanup | Checksum: 101b36dd1

Time (s): cpu = 00:00:26 ; elapsed = 00:00:25 . Memory (MB): peak = 1017.043 ; gain = 129.988
 Number of Nodes with overlaps = 0
Phase 2 Router Initialization | Checksum: c374e1b6

Time (s): cpu = 00:00:26 ; elapsed = 00:00:25 . Memory (MB): peak = 1019.891 ; gain = 132.836

Phase 3 Initial Routing
Phase 3 Initial Routing | Checksum: eb46d557

Time (s): cpu = 00:00:26 ; elapsed = 00:00:25 . Memory (MB): peak = 1019.891 ; gain = 132.836

Phase 4 Rip-up And Reroute

Phase 4.1 Global Iteration 0
 Number of Nodes with overlaps = 1
 Number of Nodes with overlaps = 0
Phase 4.1 Global Iteration 0 | Checksum: 1e10dbe7b

Time (s): cpu = 00:00:26 ; elapsed = 00:00:25 . Memory (MB): peak = 1019.891 ; gain = 132.836
Phase 4 Rip-up And Reroute | Checksum: 1e10dbe7b

Time (s): cpu = 00:00:26 ; elapsed = 00:00:25 . Memory (MB): peak = 1019.891 ; gain = 132.836

Phase 5 Delay and Skew Optimization
Phase 5 Delay and Skew Optimization | Checksum: 1e10dbe7b

Time (s): cpu = 00:00:26 ; elapsed = 00:00:25 . Memory (MB): peak = 1019.891 ; gain = 132.836

Phase 6 Post Hold Fix
Phase 6 Post Hold Fix | Checksum: 1e10dbe7b

Time (s): cpu = 00:00:26 ; elapsed = 00:00:25 . Memory (MB): peak = 1019.891 ; gain = 132.836

Phase 7 Route finalize

Router Utilization Summary
  Global Vertical Routing Utilization    = 0.00101426 %
  Global Horizontal Routing Utilization  = 0.00185041 %
  Routable Net Status*
  *Does not include unroutable nets such as driverless and loadless.
  Run report_route_status for detailed report.
  Number of Failed Nets               = 0
  Number of Unrouted Nets             = 0
  Number of Partially Routed Nets     = 0
  Number of Node Overlaps             = 0

Congestion Report
North Dir 1x1 Area, Max Cong = 0%, No Congested Regions.
South Dir 1x1 Area, Max Cong = 8.10811%, No Congested Regions.
East Dir 1x1 Area, Max Cong = 2.94118%, No Congested Regions.
West Dir 1x1 Area, Max Cong = 8.82353%, No Congested Regions.
Phase 7 Route finalize | Checksum: 1e10dbe7b

Time (s): cpu = 00:00:26 ; elapsed = 00:00:25 . Memory (MB): peak = 1019.891 ; gain = 132.836

Phase 8 Verifying routed nets

 Verification completed successfully
Phase 8 Verifying routed nets | Checksum: 1e10dbe7b

Time (s): cpu = 00:00:26 ; elapsed = 00:00:25 . Memory (MB): peak = 1020.750 ; gain = 133.695

Phase 9 Depositing Routes
Phase 9 Depositing Routes | Checksum: 1e10dbe7b

Time (s): cpu = 00:00:26 ; elapsed = 00:00:25 . Memory (MB): peak = 1020.750 ; gain = 133.695
INFO: [Route 35-16] Router Completed Successfully

Time (s): cpu = 00:00:26 ; elapsed = 00:00:25 . Memory (MB): peak = 1020.750 ; gain = 133.695

Routing Is Done.
INFO: [Common 17-83] Releasing license: Implementation
40 Infos, 0 Warnings, 0 Critical Warnings and 0 Errors encountered.
route_design completed successfully
route_design: Time (s): cpu = 00:00:27 ; elapsed = 00:00:26 . Memory (MB): peak = 1020.750 ; gain = 133.695
Writing placer database...
Writing XDEF routing.
Writing XDEF routing logical nets.
Writing XDEF routing special nets.
Write XDEF Complete: Time (s): cpu = 00:00:00 ; elapsed = 00:00:00.027 . Memory (MB): peak = 1020.750 ; gain = 0.000
INFO: [DRC 23-27] Running DRC with 2 threads
INFO: [Coretcl 2-168] The results of DRC are in file F:/Xilinx/Vivado_code/Question_5/multiplier_with_half_adder/multiplier_with_half_adder.runs/impl_1/multiplier2x2_drc_routed.rpt.
INFO: [Timing 38-91] UpdateTimingParams: Speed grade: -1, Delay Type: min_max.
INFO: [Timing 38-191] Multithreading enabled for timing update using a maximum of 2 CPUs
WARNING: [Timing 38-313] There are no user specified timing constraints. Timing constraints are needed for proper timing analysis.
WARNING: [Power 33-232] No user defined clocks were found in the design!
Resolution: Please specify clocks using create_clock/create_generated_clock for sequential elements. For pure combinatorial circuits, please specify a virtual clock, otherwise the vectorless estimation might be inaccurate
Running Vector-less Activity Propagation...

Finished Running Vector-less Activity Propagation
INFO: [Common 17-206] Exiting Vivado at Wed Dec 29 14:08:31 2021...
